::1 - - [05/Jul/2024:08:00:34 +0000] "POST /upload HTTP/1.1" 404 146 "-" "PostmanRuntime/7.39.0"
::1 - - [05/Jul/2024:08:01:42 +0000] "POST /api/files/upload HTTP/1.1" 500 33 "-" "PostmanRuntime/7.39.0"
::1 - - [05/Jul/2024:08:03:58 +0000] "POST /api/files/upload HTTP/1.1" 201 274 "-" "PostmanRuntime/7.39.0"
::1 - - [05/Jul/2024:08:14:02 +0000] "GET /api/files/download/:133a5766-ba6e-40a6-8c87-bf4e94b24cb5 HTTP/1.1" 404 26 "-" "PostmanRuntime/7.39.0"
::1 - - [05/Jul/2024:08:16:55 +0000] "GET /api/files/v1/listFiles HTTP/1.1" 404 161 "-" "PostmanRuntime/7.39.0"
::1 - - [05/Jul/2024:08:17:11 +0000] "GET /api/files/v1/listFiles HTTP/1.1" 200 228 "-" "PostmanRuntime/7.39.0"
::1 - - [05/Jul/2024:08:19:16 +0000] "GET /api/files/v1/dowload/133a5766-ba6e-40a6-8c87-bf4e94b24cb5 HTTP/1.1" 404 196 "-" "PostmanRuntime/7.39.0"
::1 - - [05/Jul/2024:08:19:28 +0000] "GET /api/files/v1/download/133a5766-ba6e-40a6-8c87-bf4e94b24cb5 HTTP/1.1" 200 11 "-" "PostmanRuntime/7.39.0"
::1 - - [05/Jul/2024:08:51:08 +0000] "GET /api/files/v1/download/133a5766-ba6e-40a6-8c87-bf4e94b24cb5 HTTP/1.1" 200 11 "-" "Mozilla/5.0 (Windows NT 10.0; Win64; x64) AppleWebKit/537.36 (KHTML, like Gecko) Chrome/126.0.0.0 Safari/537.36"
::ffff:127.0.0.1 - - [05/Jul/2024:09:35:39 +0000] "POST /upload HTTP/1.1" 404 146 "-" "-"
::ffff:127.0.0.1 - - [05/Jul/2024:09:36:46 +0000] "POST /upload HTTP/1.1" 404 146 "-" "-"
::1 - - [05/Jul/2024:09:38:09 +0000] "POST /api/files/upload HTTP/1.1" 404 156 "-" "PostmanRuntime/7.39.0"
::1 - - [05/Jul/2024:09:39:57 +0000] "POST /api/files/upload HTTP/1.1" 404 156 "-" "PostmanRuntime/7.39.0"
::1 - - [05/Jul/2024:09:41:40 +0000] "POST /api/files/v1/upload HTTP/1.1" 201 274 "-" "PostmanRuntime/7.39.0"
::1 - - [05/Jul/2024:09:43:26 +0000] "GET /api/files/v1/listFiles HTTP/1.1" 200 455 "-" "PostmanRuntime/7.39.0"
::1 - - [05/Jul/2024:09:43:51 +0000] "GET /api/files/v1/listFiles HTTP/1.1" 200 455 "-" "PostmanRuntime/7.39.0"
::1 - - [05/Jul/2024:09:43:55 +0000] "GET /api/files/v1/listFiles HTTP/1.1" 200 455 "-" "PostmanRuntime/7.39.0"
::1 - - [05/Jul/2024:09:43:56 +0000] "GET /api/files/v1/listFiles HTTP/1.1" 200 455 "-" "PostmanRuntime/7.39.0"
::1 - - [05/Jul/2024:09:43:58 +0000] "GET /api/files/v1/listFiles HTTP/1.1" 200 455 "-" "PostmanRuntime/7.39.0"
::1 - - [05/Jul/2024:09:43:59 +0000] "GET /api/files/v1/listFiles HTTP/1.1" 200 455 "-" "PostmanRuntime/7.39.0"
::1 - - [05/Jul/2024:09:44:00 +0000] "GET /api/files/v1/listFiles HTTP/1.1" 200 455 "-" "PostmanRuntime/7.39.0"
::1 - - [05/Jul/2024:09:44:01 +0000] "GET /api/files/v1/listFiles HTTP/1.1" 200 455 "-" "PostmanRuntime/7.39.0"
