::1 - - [07/Jul/2024:05:21:51 +0000] "POST /api/auth/v1/login HTTP/1.1" 200 365 "-" "PostmanRuntime/7.39.0"
::1 - - [07/Jul/2024:05:22:11 +0000] "POST /api/files/v1/upload HTTP/1.1" 500 33 "-" "PostmanRuntime/7.39.0"
::1 - - [07/Jul/2024:05:24:29 +0000] "POST /api/files/v1/upload HTTP/1.1" 500 33 "-" "PostmanRuntime/7.39.0"
::1 - - [07/Jul/2024:05:27:44 +0000] "POST /api/files/v1/upload HTTP/1.1" 500 33 "-" "PostmanRuntime/7.39.0"
::1 - - [07/Jul/2024:05:28:49 +0000] "POST /api/files/v1/upload HTTP/1.1" 500 33 "-" "PostmanRuntime/7.39.0"
::1 - - [07/Jul/2024:05:47:23 +0000] "POST /api/files/v1/upload HTTP/1.1" 201 304 "-" "PostmanRuntime/7.39.0"
::1 - - [07/Jul/2024:05:57:58 +0000] "POST /api/files/v1/upload HTTP/1.1" 500 33 "-" "PostmanRuntime/7.39.0"
::1 - - [07/Jul/2024:06:00:40 +0000] "POST /api/files/v1/upload HTTP/1.1" 500 33 "-" "PostmanRuntime/7.39.0"
::1 - - [07/Jul/2024:06:11:37 +0000] "POST /api/nodes/v1/joining HTTP/1.1" 201 196 "-" "PostmanRuntime/7.39.0"
::1 - - [07/Jul/2024:06:12:13 +0000] "POST /api/files/v1/upload HTTP/1.1" 201 304 "-" "PostmanRuntime/7.39.0"
::1 - - [07/Jul/2024:06:14:15 +0000] "POST /api/nodes/v1/disconnecting/668a3199d448f03e599f7eb2 HTTP/1.1" 404 191 "-" "PostmanRuntime/7.39.0"
::1 - - [07/Jul/2024:06:14:32 +0000] "DELETE /api/nodes/v1/disconnecting/668a3199d448f03e599f7eb2 HTTP/1.1" 204 - "-" "PostmanRuntime/7.39.0"
::1 - - [07/Jul/2024:06:15:55 +0000] "DELETE /api/nodes/v1/disconnecting/668a3199d448f03e599f7 HTTP/1.1" 204 - "-" "PostmanRuntime/7.39.0"
::1 - - [07/Jul/2024:06:20:09 +0000] "DELETE /api/nodes/v1/disconnecting/668a3199d448f03e599f7 HTTP/1.1" 500 76 "-" "PostmanRuntime/7.39.0"
::1 - - [07/Jul/2024:06:21:03 +0000] "DELETE /api/nodes/v1/disconnecting/668a3199d448f03e599f7 HTTP/1.1" 500 76 "-" "PostmanRuntime/7.39.0"
::1 - - [07/Jul/2024:06:22:13 +0000] "DELETE /api/nodes/v1/disconnecting/668a3199d448f03e599f7 HTTP/1.1" 500 76 "-" "PostmanRuntime/7.39.0"
::1 - - [07/Jul/2024:06:23:05 +0000] "DELETE /api/nodes/v1/disconnecting/node1 HTTP/1.1" 500 80 "-" "PostmanRuntime/7.39.0"
::1 - - [07/Jul/2024:06:23:41 +0000] "DELETE /api/nodes/v1/joining HTTP/1.1" 404 162 "-" "PostmanRuntime/7.39.0"
::1 - - [07/Jul/2024:06:23:50 +0000] "POST /api/nodes/v1/joining HTTP/1.1" 201 196 "-" "PostmanRuntime/7.39.0"
::1 - - [07/Jul/2024:06:23:58 +0000] "POST /api/nodes/v1/joining HTTP/1.1" 201 196 "-" "PostmanRuntime/7.39.0"
::1 - - [07/Jul/2024:06:24:30 +0000] "POST /api/nodes/v1/disconnecting/node1 HTTP/1.1" 404 172 "-" "PostmanRuntime/7.39.0"
::1 - - [07/Jul/2024:06:24:38 +0000] "DELETE /api/nodes/v1/disconnecting/node1 HTTP/1.1" 204 - "-" "PostmanRuntime/7.39.0"
::1 - - [07/Jul/2024:06:25:54 +0000] "DELETE /api/nodes/v1/disconnecting/node2 HTTP/1.1" 500 80 "-" "PostmanRuntime/7.39.0"
::1 - - [07/Jul/2024:06:26:40 +0000] "DELETE /api/nodes/v1/joining HTTP/1.1" 404 162 "-" "PostmanRuntime/7.39.0"
::1 - - [07/Jul/2024:06:26:46 +0000] "POST /api/nodes/v1/joining HTTP/1.1" 201 196 "-" "PostmanRuntime/7.39.0"
::1 - - [07/Jul/2024:06:26:52 +0000] "POST /api/nodes/v1/joining HTTP/1.1" 201 196 "-" "PostmanRuntime/7.39.0"
::1 - - [07/Jul/2024:06:26:58 +0000] "POST /api/nodes/v1/joining HTTP/1.1" 201 196 "-" "PostmanRuntime/7.39.0"
::1 - - [07/Jul/2024:06:27:44 +0000] "DELETE /api/nodes/v1/disconnecting/node3 HTTP/1.1" 204 - "-" "PostmanRuntime/7.39.0"
::1 - - [07/Jul/2024:06:28:54 +0000] "DELETE /api/nodes/v1/disconnecting/node3 HTTP/1.1" 500 76 "-" "PostmanRuntime/7.39.0"
::1 - - [07/Jul/2024:06:29:02 +0000] "DELETE /api/nodes/v1/disconnecting/node2 HTTP/1.1" 204 - "-" "PostmanRuntime/7.39.0"
::1 - - [07/Jul/2024:06:30:23 +0000] "DELETE /api/nodes/v1/disconnecting/node1 HTTP/1.1" 500 80 "-" "PostmanRuntime/7.39.0"
::1 - - [07/Jul/2024:06:30:46 +0000] "DELETE /api/nodes/v1/joining HTTP/1.1" 404 162 "-" "PostmanRuntime/7.39.0"
::1 - - [07/Jul/2024:06:30:52 +0000] "POST /api/nodes/v1/joining HTTP/1.1" 201 196 "-" "PostmanRuntime/7.39.0"
::1 - - [07/Jul/2024:06:30:59 +0000] "POST /api/nodes/v1/joining HTTP/1.1" 201 196 "-" "PostmanRuntime/7.39.0"
::1 - - [07/Jul/2024:06:31:09 +0000] "POST /api/nodes/v1/joining HTTP/1.1" 201 196 "-" "PostmanRuntime/7.39.0"
::1 - - [07/Jul/2024:06:31:17 +0000] "POST /api/nodes/v1/joining HTTP/1.1" 201 196 "-" "PostmanRuntime/7.39.0"
::1 - - [07/Jul/2024:06:31:58 +0000] "DELETE /api/nodes/v1/disconnecting/node2 HTTP/1.1" 204 - "-" "PostmanRuntime/7.39.0"
::1 - - [07/Jul/2024:06:33:01 +0000] "DELETE /api/nodes/v1/disconnecting/node1 HTTP/1.1" 500 76 "-" "PostmanRuntime/7.39.0"
::1 - - [07/Jul/2024:06:33:07 +0000] "DELETE /api/nodes/v1/disconnecting/node3 HTTP/1.1" 204 - "-" "PostmanRuntime/7.39.0"
::1 - - [07/Jul/2024:06:33:20 +0000] "DELETE /api/nodes/v1/disconnecting/node4 HTTP/1.1" 204 - "-" "PostmanRuntime/7.39.0"
::1 - - [07/Jul/2024:06:33:35 +0000] "DELETE /api/nodes/v1/disconnecting/node3 HTTP/1.1" 500 76 "-" "PostmanRuntime/7.39.0"
::1 - - [07/Jul/2024:06:33:48 +0000] "DELETE /api/nodes/v1/disconnecting/node5 HTTP/1.1" 204 - "-" "PostmanRuntime/7.39.0"
::1 - - [07/Jul/2024:06:33:56 +0000] "DELETE /api/nodes/v1/disconnecting/node5 HTTP/1.1" 500 76 "-" "PostmanRuntime/7.39.0"
::1 - - [07/Jul/2024:06:34:04 +0000] "DELETE /api/nodes/v1/disconnecting/node1 HTTP/1.1" 500 76 "-" "PostmanRuntime/7.39.0"
::1 - - [07/Jul/2024:06:34:31 +0000] "DELETE /api/nodes/v1/joining HTTP/1.1" 404 162 "-" "PostmanRuntime/7.39.0"
::1 - - [07/Jul/2024:06:34:37 +0000] "POST /api/nodes/v1/joining HTTP/1.1" 201 196 "-" "PostmanRuntime/7.39.0"
::1 - - [07/Jul/2024:06:34:44 +0000] "POST /api/nodes/v1/joining HTTP/1.1" 201 196 "-" "PostmanRuntime/7.39.0"
::1 - - [07/Jul/2024:06:34:50 +0000] "POST /api/nodes/v1/joining HTTP/1.1" 201 196 "-" "PostmanRuntime/7.39.0"
::1 - - [07/Jul/2024:06:34:55 +0000] "POST /api/nodes/v1/joining HTTP/1.1" 201 196 "-" "PostmanRuntime/7.39.0"
::1 - - [07/Jul/2024:06:35:05 +0000] "POST /api/files/v1/upload HTTP/1.1" 401 25 "-" "PostmanRuntime/7.39.0"
::1 - - [07/Jul/2024:06:35:13 +0000] "POST /api/auth/v1/login HTTP/1.1" 200 365 "-" "PostmanRuntime/7.39.0"
::1 - - [07/Jul/2024:06:35:37 +0000] "POST /api/auth/v1/login HTTP/1.1" 200 365 "-" "PostmanRuntime/7.39.0"
::1 - - [07/Jul/2024:06:36:01 +0000] "POST /api/files/v1/upload HTTP/1.1" 201 304 "-" "PostmanRuntime/7.39.0"
::1 - - [07/Jul/2024:06:36:07 +0000] "POST /api/files/v1/upload HTTP/1.1" 201 304 "-" "PostmanRuntime/7.39.0"
::1 - - [07/Jul/2024:06:38:07 +0000] "POST /api/files/v1/upload HTTP/1.1" 201 304 "-" "PostmanRuntime/7.39.0"
::1 - - [07/Jul/2024:06:42:16 +0000] "GET /api/files/v1/listFiles HTTP/1.1" 401 25 "-" "PostmanRuntime/7.39.0"
::1 - - [07/Jul/2024:06:42:36 +0000] "GET /api/files/v1/listFiles HTTP/1.1" 200 2428 "-" "PostmanRuntime/7.39.0"
::1 - - [07/Jul/2024:06:43:04 +0000] "GET /api/files/v1/download/8e123820-c4b5-4ef8-84f5-96948b53906e HTTP/1.1" 401 25 "-" "PostmanRuntime/7.39.0"
::1 - - [07/Jul/2024:06:44:48 +0000] "GET /api/files/v1/download/8e123820-c4b5-4ef8-84f5-96948b53906e HTTP/1.1" 200 74 "-" "PostmanRuntime/7.39.0"
::1 - - [07/Jul/2024:07:09:08 +0000] "POST /api/files/v1/upload HTTP/1.1" 201 304 "-" "PostmanRuntime/7.39.0"
::1 - - [07/Jul/2024:11:03:01 +0000] "POST /api/files/v1/upload HTTP/1.1" 401 25 "-" "PostmanRuntime/7.39.0"
::1 - - [07/Jul/2024:11:03:09 +0000] "POST /api/auth/v1/login HTTP/1.1" 200 365 "-" "PostmanRuntime/7.39.0"
::1 - - [07/Jul/2024:11:03:25 +0000] "POST /api/files/v1/upload HTTP/1.1" 201 304 "-" "PostmanRuntime/7.39.0"
::1 - - [07/Jul/2024:11:31:33 +0000] "POST /api/nodes/v1/joining HTTP/1.1" 201 196 "-" "PostmanRuntime/7.39.0"
::1 - - [07/Jul/2024:11:31:39 +0000] "POST /api/nodes/v1/joining HTTP/1.1" 201 196 "-" "PostmanRuntime/7.39.0"
::1 - - [07/Jul/2024:11:36:22 +0000] "POST /api/nodes/v1/joining HTTP/1.1" 201 196 "-" "PostmanRuntime/7.39.0"
::1 - - [07/Jul/2024:11:36:26 +0000] "POST /api/nodes/v1/joining HTTP/1.1" 201 196 "-" "PostmanRuntime/7.39.0"
::1 - - [07/Jul/2024:11:36:31 +0000] "POST /api/nodes/v1/joining HTTP/1.1" 201 196 "-" "PostmanRuntime/7.39.0"
::1 - - [07/Jul/2024:11:38:03 +0000] "POST /api/nodes/v1/joining HTTP/1.1" 201 196 "-" "PostmanRuntime/7.39.0"
::1 - - [07/Jul/2024:11:38:07 +0000] "POST /api/nodes/v1/joining HTTP/1.1" 201 196 "-" "PostmanRuntime/7.39.0"
::1 - - [07/Jul/2024:11:38:08 +0000] "POST /api/nodes/v1/joining HTTP/1.1" 500 31 "-" "PostmanRuntime/7.39.0"
::1 - - [07/Jul/2024:11:38:18 +0000] "POST /api/nodes/v1/joining HTTP/1.1" 201 196 "-" "PostmanRuntime/7.39.0"
::1 - - [07/Jul/2024:11:49:09 +0000] "POST /api/nodes/v1/joining HTTP/1.1" 201 196 "-" "PostmanRuntime/7.39.0"
::1 - - [07/Jul/2024:11:49:15 +0000] "POST /api/nodes/v1/joining HTTP/1.1" 201 196 "-" "PostmanRuntime/7.39.0"
::1 - - [07/Jul/2024:11:49:20 +0000] "POST /api/nodes/v1/joining HTTP/1.1" 201 196 "-" "PostmanRuntime/7.39.0"
::1 - - [07/Jul/2024:11:49:25 +0000] "POST /api/nodes/v1/joining HTTP/1.1" 201 196 "-" "PostmanRuntime/7.39.0"
::1 - - [07/Jul/2024:11:49:31 +0000] "POST /api/nodes/v1/joining HTTP/1.1" 201 196 "-" "PostmanRuntime/7.39.0"
